<?xml version="1.0" encoding="UTF-8"?>
<testsuite xmlns:xsi="http://www.w3.org/2001/XMLSchema-instance" xsi:noNamespaceSchemaLocation="https://maven.apache.org/surefire/maven-surefire-plugin/xsd/surefire-test-report-3.0.xsd" version="3.0" name="com.example.RegisterLogin.RegisterLoginApplicationTests" time="9.339" tests="1" errors="0" skipped="0" failures="0">
  <properties>
[...]
</properties>
  <testcase name="contextLoads" classname="com.example.RegisterLogin.RegisterLoginApplicationTests" time="0.969">
    <system-out><![CDATA[14:29:11.103 [main] INFO org.springframework.test.context.support.AnnotationConfigContextLoaderUtils -- Could not detect default configuration classes for test class [com.example.RegisterLogin.RegisterLoginApplicationTests]: RegisterLoginApplicationTests does not declare any static, non-private, non-final, nested classes annotated with @Configuration.
14:29:11.305 [main] INFO org.springframework.boot.test.context.SpringBootTestContextBootstrapper -- Found @SpringBootConfiguration com.example.RegisterLogin.RegisterLoginApplication for test class com.example.RegisterLogin.RegisterLoginApplicationTests

  .   ____          _            __ _ _
 /\\ / ___'_ __ _ _(_)_ __  __ _ \ \ \ \
( ( )\___ | '_ | '_| | '_ \/ _` | \ \ \ \
 \\/  ___)| |_)| | | | | || (_| |  ) ) ) )
  '  |____| .__|_| |_|_| |_\__, | / / / /
 =========|_|==============|___/=/_/_/_/
 :: Spring Boot ::       (v3.3.0-SNAPSHOT)

2024-02-13T14:29:12.196+05:30  INFO 19188 --- [Registation] [           main] c.e.R.RegisterLoginApplicationTests      : Starting RegisterLoginApplicationTests using Java 20.0.2 with PID 19188 (started by pranav mane in C:\Users\pranav mane\Downloads\RegisterLogin\RegisterLogin)
2024-02-13T14:29:12.198+05:30  INFO 19188 --- [Registation] [           main] c.e.R.RegisterLoginApplicationTests      : No active profile set, falling back to 1 default profile: "default"
2024-02-13T14:29:13.388+05:30  INFO 19188 --- [Registation] [           main] .s.d.r.c.RepositoryConfigurationDelegate : Bootstrapping Spring Data JPA repositories in DEFAULT mode.
2024-02-13T14:29:13.478+05:30  INFO 19188 --- [Registation] [           main] .s.d.r.c.RepositoryConfigurationDelegate : Finished Spring Data repository scanning in 79 ms. Found 4 JPA repository interfaces.
2024-02-13T14:29:14.172+05:30  INFO 19188 --- [Registation] [           main] o.hibernate.jpa.internal.util.LogHelper  : HHH000204: Processing PersistenceUnitInfo [name: default]
2024-02-13T14:29:14.275+05:30  INFO 19188 --- [Registation] [           main] org.hibernate.Version                    : HHH000412: Hibernate ORM core version 6.4.1.Final
2024-02-13T14:29:14.333+05:30  INFO 19188 --- [Registation] [           main] o.h.c.internal.RegionFactoryInitiator    : HHH000026: Second-level cache disabled
2024-02-13T14:29:14.771+05:30  INFO 19188 --- [Registation] [           main] o.s.o.j.p.SpringPersistenceUnitInfo      : No LoadTimeWeaver setup: ignoring JPA class transformer
2024-02-13T14:29:14.865+05:30  INFO 19188 --- [Registation] [           main] com.zaxxer.hikari.HikariDataSource       : HikariPool-1 - Starting...
2024-02-13T14:29:15.528+05:30  INFO 19188 --- [Registation] [           main] com.zaxxer.hikari.pool.HikariPool        : HikariPool-1 - Added connection com.mysql.cj.jdbc.ConnectionImpl@5e158f33
2024-02-13T14:29:15.531+05:30  INFO 19188 --- [Registation] [           main] com.zaxxer.hikari.HikariDataSource       : HikariPool-1 - Start completed.
2024-02-13T14:29:16.839+05:30  INFO 19188 --- [Registation] [           main] o.h.m.i.EntityInstantiatorPojoStandard   : HHH000182: No default (no-argument) constructor for class: com.example.RegisterLogin.Entity.Doctor (class must be instantiated by Interceptor)
2024-02-13T14:29:17.180+05:30  INFO 19188 --- [Registation] [           main] o.h.e.t.j.p.i.JtaPlatformInitiator       : HHH000489: No JTA platform available (set 'hibernate.transaction.jta.platform' to enable JTA platform integration)
2024-02-13T14:29:17.668+05:30  INFO 19188 --- [Registation] [           main] j.LocalContainerEntityManagerFactoryBean : Initialized JPA EntityManagerFactory for persistence unit 'default'
2024-02-13T14:29:18.250+05:30  INFO 19188 --- [Registation] [           main] o.s.d.j.r.query.QueryEnhancerFactory     : Hibernate is in classpath; If applicable, HQL parser will be used.
2024-02-13T14:29:18.445+05:30  WARN 19188 --- [Registation] [           main] JpaBaseConfiguration$JpaWebConfiguration : spring.jpa.open-in-view is enabled by default. Therefore, database queries may be performed during view rendering. Explicitly configure spring.jpa.open-in-view to disable this warning
2024-02-13T14:29:19.015+05:30  WARN 19188 --- [Registation] [           main] .s.s.UserDetailsServiceAutoConfiguration : 

Using generated security password: 0946af22-b60e-4c8e-bafc-5dc96e9312fa

This generated password is for development use only. Your security configuration must be updated before running your application in production.

2024-02-13T14:29:19.152+05:30  INFO 19188 --- [Registation] [           main] o.s.s.web.DefaultSecurityFilterChain     : Will secure any request with [org.springframework.security.web.session.DisableEncodeUrlFilter@30d3f583, org.springframework.security.web.context.request.async.WebAsyncManagerIntegrationFilter@3344c1d7, org.springframework.security.web.context.SecurityContextHolderFilter@702e21c, org.springframework.security.web.header.HeaderWriterFilter@42e32feb, org.springframework.web.filter.CorsFilter@73b034ca, org.springframework.security.web.csrf.CsrfFilter@66694050, org.springframework.security.web.authentication.logout.LogoutFilter@40e41f88, org.springframework.security.web.authentication.UsernamePasswordAuthenticationFilter@4b407ac7, org.springframework.security.web.authentication.ui.DefaultLoginPageGeneratingFilter@159a32a4, org.springframework.security.web.authentication.ui.DefaultLogoutPageGeneratingFilter@104e6540, org.springframework.security.web.authentication.www.BasicAuthenticationFilter@38276668, org.springframework.security.web.savedrequest.RequestCacheAwareFilter@7c5fbde4, org.springframework.security.web.servletapi.SecurityContextHolderAwareRequestFilter@7021bb55, org.springframework.security.web.authentication.AnonymousAuthenticationFilter@3f9ee527, org.springframework.security.web.access.ExceptionTranslationFilter@35fd03d9, org.springframework.security.web.access.intercept.AuthorizationFilter@3ba6707e]
2024-02-13T14:29:19.235+05:30  INFO 19188 --- [Registation] [           main] c.e.R.RegisterLoginApplicationTests      : Started RegisterLoginApplicationTests in 7.665 seconds (process running for 9.095)
]]></system-out>
  </testcase>
</testsuite>